<?xml version="1.0" encoding="UTF-8"?>
<coverage generated="1662139097277" clover="3.2.0">
  <project timestamp="1662139097277" name="All files">
    <metrics statements="73" coveredstatements="73" conditionals="42" coveredconditionals="38" methods="29" coveredmethods="29" elements="144" coveredelements="140" complexity="0" loc="73" ncloc="73" packages="2" files="12" classes="12"/>
    <package name="Footer">
      <metrics statements="72" coveredstatements="72" conditionals="42" coveredconditionals="38" methods="28" coveredmethods="28"/>
      <file name="Footer.js" path="/Users/yudhajitadhikary/Documents/TestingPOC/testpoc/src/components/Footer/Footer.js">
        <metrics statements="4" coveredstatements="4" conditionals="3" coveredconditionals="2" methods="1" coveredmethods="1"/>
        <line num="10" count="1" type="stmt"/>
        <line num="11" count="1" type="stmt"/>
        <line num="12" count="1" type="stmt"/>
        <line num="31" count="1" type="stmt"/>
      </file>
      <file name="FooterBottomSection.js" path="/Users/yudhajitadhikary/Documents/TestingPOC/testpoc/src/components/Footer/FooterBottomSection.js">
        <metrics statements="13" coveredstatements="13" conditionals="2" coveredconditionals="1" methods="5" coveredmethods="5"/>
        <line num="10" count="2" type="stmt"/>
        <line num="11" count="2" type="stmt"/>
        <line num="16" count="2" type="stmt"/>
        <line num="24" count="2" type="stmt"/>
        <line num="26" count="2" type="stmt"/>
        <line num="30" count="2" type="stmt"/>
        <line num="32" count="2" type="stmt"/>
        <line num="35" count="2" type="stmt"/>
        <line num="36" count="1" type="stmt"/>
        <line num="40" count="3" type="stmt"/>
        <line num="41" count="3" type="stmt"/>
        <line num="42" count="3" type="stmt"/>
        <line num="45" count="3" type="stmt"/>
      </file>
      <file name="FooterBottomSectionDesktop.js" path="/Users/yudhajitadhikary/Documents/TestingPOC/testpoc/src/components/Footer/FooterBottomSectionDesktop.js">
        <metrics statements="5" coveredstatements="5" conditionals="0" coveredconditionals="0" methods="2" coveredmethods="2"/>
        <line num="11" count="1" type="stmt"/>
        <line num="14" count="1" type="stmt"/>
        <line num="15" count="1" type="stmt"/>
        <line num="21" count="1" type="stmt"/>
        <line num="42" count="3" type="stmt"/>
      </file>
      <file name="FooterBottomSectionMobile.js" path="/Users/yudhajitadhikary/Documents/TestingPOC/testpoc/src/components/Footer/FooterBottomSectionMobile.js">
        <metrics statements="5" coveredstatements="5" conditionals="0" coveredconditionals="0" methods="2" coveredmethods="2"/>
        <line num="11" count="1" type="stmt"/>
        <line num="14" count="1" type="stmt"/>
        <line num="15" count="1" type="stmt"/>
        <line num="19" count="1" type="stmt"/>
        <line num="36" count="3" type="stmt"/>
      </file>
      <file name="FooterCountrySelector.js" path="/Users/yudhajitadhikary/Documents/TestingPOC/testpoc/src/components/Footer/FooterCountrySelector.js">
        <metrics statements="4" coveredstatements="4" conditionals="0" coveredconditionals="0" methods="1" coveredmethods="1"/>
        <line num="7" count="1" type="stmt"/>
        <line num="20" count="1" type="stmt"/>
        <line num="21" count="1" type="stmt"/>
        <line num="34" count="5" type="stmt"/>
      </file>
      <file name="FooterLinks.js" path="/Users/yudhajitadhikary/Documents/TestingPOC/testpoc/src/components/Footer/FooterLinks.js">
        <metrics statements="4" coveredstatements="4" conditionals="9" coveredconditionals="8" methods="2" coveredmethods="2"/>
        <line num="6" count="5" type="stmt"/>
        <line num="7" count="1" type="stmt"/>
        <line num="11" count="2" type="cond" truecount="2" falsecount="0"/>
        <line num="34" count="5" type="stmt"/>
      </file>
      <file name="FooterMenuItemMobile.js" path="/Users/yudhajitadhikary/Documents/TestingPOC/testpoc/src/components/Footer/FooterMenuItemMobile.js">
        <metrics statements="10" coveredstatements="10" conditionals="6" coveredconditionals="6" methods="3" coveredmethods="3"/>
        <line num="5" count="4" type="stmt"/>
        <line num="6" count="2" type="stmt"/>
        <line num="7" count="2" type="stmt"/>
        <line num="8" count="2" type="stmt"/>
        <line num="9" count="2" type="cond" truecount="2" falsecount="0"/>
        <line num="10" count="1" type="stmt"/>
        <line num="13" count="2" type="stmt"/>
        <line num="15" count="1" type="cond" truecount="2" falsecount="0"/>
        <line num="26" count="4" type="stmt"/>
        <line num="33" count="4" type="stmt"/>
      </file>
      <file name="FooterMenuSlotDesktop.js" path="/Users/yudhajitadhikary/Documents/TestingPOC/testpoc/src/components/Footer/FooterMenuSlotDesktop.js">
        <metrics statements="5" coveredstatements="5" conditionals="9" coveredconditionals="9" methods="3" coveredmethods="3"/>
        <line num="6" count="3" type="stmt"/>
        <line num="7" count="1" type="stmt"/>
        <line num="8" count="1" type="cond" truecount="2" falsecount="0"/>
        <line num="16" count="1" type="stmt"/>
        <line num="27" count="3" type="stmt"/>
      </file>
      <file name="FooterMenuSlotsMobile.js" path="/Users/yudhajitadhikary/Documents/TestingPOC/testpoc/src/components/Footer/FooterMenuSlotsMobile.js">
        <metrics statements="5" coveredstatements="5" conditionals="8" coveredconditionals="8" methods="2" coveredmethods="2"/>
        <line num="6" count="3" type="stmt"/>
        <line num="7" count="1" type="stmt"/>
        <line num="10" count="2" type="stmt"/>
        <line num="11" count="2" type="stmt"/>
        <line num="26" count="3" type="stmt"/>
      </file>
      <file name="FooterNavigation.js" path="/Users/yudhajitadhikary/Documents/TestingPOC/testpoc/src/components/Footer/FooterNavigation.js">
        <metrics statements="13" coveredstatements="13" conditionals="2" coveredconditionals="1" methods="5" coveredmethods="5"/>
        <line num="10" count="2" type="stmt"/>
        <line num="14" count="2" type="stmt"/>
        <line num="19" count="2" type="stmt"/>
        <line num="20" count="2" type="stmt"/>
        <line num="26" count="2" type="stmt"/>
        <line num="28" count="2" type="stmt"/>
        <line num="32" count="2" type="stmt"/>
        <line num="34" count="2" type="stmt"/>
        <line num="37" count="2" type="stmt"/>
        <line num="38" count="1" type="stmt"/>
        <line num="42" count="3" type="stmt"/>
        <line num="43" count="3" type="stmt"/>
        <line num="44" count="3" type="stmt"/>
      </file>
      <file name="SocialLinksFooter.js" path="/Users/yudhajitadhikary/Documents/TestingPOC/testpoc/src/components/Footer/SocialLinksFooter.js">
        <metrics statements="4" coveredstatements="4" conditionals="3" coveredconditionals="3" methods="2" coveredmethods="2"/>
        <line num="6" count="5" type="stmt"/>
        <line num="7" count="1" type="stmt"/>
        <line num="14" count="1" type="stmt"/>
        <line num="38" count="5" type="stmt"/>
      </file>
    </package>
    <package name="Header">
      <metrics statements="1" coveredstatements="1" conditionals="0" coveredconditionals="0" methods="1" coveredmethods="1"/>
      <file name="Header.js" path="/Users/yudhajitadhikary/Documents/TestingPOC/testpoc/src/components/Header/Header.js">
        <metrics statements="1" coveredstatements="1" conditionals="0" coveredconditionals="0" methods="1" coveredmethods="1"/>
        <line num="5" count="1" type="stmt"/>
      </file>
    </package>
  </project>
</coverage>
