{"/Users/yudhajitadhikary/Documents/TestingPOC/testpoc/src/components/Footer/Footer.js": {"path":"/Users/yudhajitadhikary/Documents/TestingPOC/testpoc/src/components/Footer/Footer.js","statementMap":{"0":{"start":{"line":10,"column":15},"end":{"line":30,"column":1}},"1":{"start":{"line":11,"column":115},"end":{"line":11,"column":121}},"2":{"start":{"line":12,"column":4},"end":{"line":28,"column":5}},"3":{"start":{"line":31,"column":0},"end":{"line":34,"column":1}}},"fnMap":{"0":{"name":"(anonymous_0)","decl":{"start":{"line":10,"column":15},"end":{"line":10,"column":16}},"loc":{"start":{"line":10,"column":46},"end":{"line":30,"column":1}},"line":10}},"branchMap":{"0":{"loc":{"start":{"line":15,"column":17},"end":{"line":18,"column":17}},"type":"binary-expr","locations":[{"start":{"line":15,"column":17},"end":{"line":15,"column":31}},{"start":{"line":15,"column":35},"end":{"line":15,"column":60}},{"start":{"line":16,"column":20},"end":{"line":17,"column":26}}],"line":15}},"s":{"0":1,"1":1,"2":1,"3":1},"f":{"0":1},"b":{"0":[1,1,0]},"_coverageSchema":"1a1c01bbd47fc00a2c39e90264f33305004495a9","hash":"69460f5aaeead1be01353b2b1a58508129a2d99d"}
,"/Users/yudhajitadhikary/Documents/TestingPOC/testpoc/src/components/Footer/FooterBottomSection.js": {"path":"/Users/yudhajitadhikary/Documents/TestingPOC/testpoc/src/components/Footer/FooterBottomSection.js","statementMap":{"0":{"start":{"line":10,"column":8},"end":{"line":10,"column":20}},"1":{"start":{"line":11,"column":8},"end":{"line":13,"column":9}},"2":{"start":{"line":16,"column":23},"end":{"line":21,"column":5}},"3":{"start":{"line":24,"column":8},"end":{"line":24,"column":70}},"4":{"start":{"line":26,"column":8},"end":{"line":26,"column":68}},"5":{"start":{"line":30,"column":8},"end":{"line":30,"column":73}},"6":{"start":{"line":32,"column":8},"end":{"line":32,"column":71}},"7":{"start":{"line":35,"column":29},"end":{"line":37,"column":5}},"8":{"start":{"line":36,"column":8},"end":{"line":36,"column":57}},"9":{"start":{"line":40,"column":98},"end":{"line":40,"column":108}},"10":{"start":{"line":41,"column":32},"end":{"line":41,"column":42}},"11":{"start":{"line":42,"column":32},"end":{"line":42,"column":36}},"12":{"start":{"line":45,"column":8},"end":{"line":57,"column":9}}},"fnMap":{"0":{"name":"(anonymous_0)","decl":{"start":{"line":9,"column":4},"end":{"line":9,"column":5}},"loc":{"start":{"line":9,"column":23},"end":{"line":14,"column":5}},"line":9},"1":{"name":"(anonymous_1)","decl":{"start":{"line":23,"column":4},"end":{"line":23,"column":5}},"loc":{"start":{"line":23,"column":24},"end":{"line":27,"column":5}},"line":23},"2":{"name":"(anonymous_2)","decl":{"start":{"line":29,"column":4},"end":{"line":29,"column":5}},"loc":{"start":{"line":29,"column":27},"end":{"line":33,"column":5}},"line":29},"3":{"name":"(anonymous_3)","decl":{"start":{"line":35,"column":29},"end":{"line":35,"column":30}},"loc":{"start":{"line":35,"column":35},"end":{"line":37,"column":5}},"line":35},"4":{"name":"(anonymous_4)","decl":{"start":{"line":39,"column":4},"end":{"line":39,"column":5}},"loc":{"start":{"line":39,"column":13},"end":{"line":58,"column":5}},"line":39}},"branchMap":{"0":{"loc":{"start":{"line":47,"column":17},"end":{"line":55,"column":17}},"type":"cond-expr","locations":[{"start":{"line":48,"column":20},"end":{"line":50,"column":26}},{"start":{"line":52,"column":20},"end":{"line":54,"column":26}}],"line":47}},"s":{"0":2,"1":2,"2":2,"3":2,"4":2,"5":2,"6":2,"7":2,"8":1,"9":3,"10":3,"11":3,"12":3},"f":{"0":2,"1":2,"2":2,"3":1,"4":3},"b":{"0":[3,0]},"_coverageSchema":"1a1c01bbd47fc00a2c39e90264f33305004495a9","hash":"02c0fbc95fbc6537f3cfa2d52e619139030fd3cb"}
,"/Users/yudhajitadhikary/Documents/TestingPOC/testpoc/src/components/Footer/FooterBottomSectionDesktop.js": {"path":"/Users/yudhajitadhikary/Documents/TestingPOC/testpoc/src/components/Footer/FooterBottomSectionDesktop.js","statementMap":{"0":{"start":{"line":11,"column":39},"end":{"line":11,"column":45}},"1":{"start":{"line":14,"column":8},"end":{"line":14,"column":13}},"2":{"start":{"line":15,"column":4},"end":{"line":40,"column":5}},"3":{"start":{"line":21,"column":28},"end":{"line":23,"column":29}},"4":{"start":{"line":42,"column":0},"end":{"line":47,"column":1}}},"fnMap":{"0":{"name":"FooterBottomSectionDesktop","decl":{"start":{"line":10,"column":24},"end":{"line":10,"column":50}},"loc":{"start":{"line":10,"column":58},"end":{"line":41,"column":1}},"line":10},"1":{"name":"(anonymous_1)","decl":{"start":{"line":20,"column":56},"end":{"line":20,"column":57}},"loc":{"start":{"line":20,"column":71},"end":{"line":24,"column":25}},"line":20}},"branchMap":{},"s":{"0":1,"1":1,"2":1,"3":1,"4":3},"f":{"0":1,"1":1},"b":{},"_coverageSchema":"1a1c01bbd47fc00a2c39e90264f33305004495a9","hash":"ba4f8a6d1c9972d76bd0bb96c209d170155513e9"}
,"/Users/yudhajitadhikary/Documents/TestingPOC/testpoc/src/components/Footer/FooterBottomSectionMobile.js": {"path":"/Users/yudhajitadhikary/Documents/TestingPOC/testpoc/src/components/Footer/FooterBottomSectionMobile.js","statementMap":{"0":{"start":{"line":11,"column":39},"end":{"line":11,"column":45}},"1":{"start":{"line":14,"column":8},"end":{"line":14,"column":13}},"2":{"start":{"line":15,"column":4},"end":{"line":33,"column":5}},"3":{"start":{"line":19,"column":20},"end":{"line":21,"column":21}},"4":{"start":{"line":36,"column":0},"end":{"line":41,"column":1}}},"fnMap":{"0":{"name":"FooterBottomSectionMobile","decl":{"start":{"line":9,"column":24},"end":{"line":9,"column":49}},"loc":{"start":{"line":9,"column":57},"end":{"line":34,"column":1}},"line":9},"1":{"name":"(anonymous_1)","decl":{"start":{"line":18,"column":48},"end":{"line":18,"column":49}},"loc":{"start":{"line":18,"column":63},"end":{"line":22,"column":17}},"line":18}},"branchMap":{},"s":{"0":1,"1":1,"2":1,"3":1,"4":3},"f":{"0":1,"1":1},"b":{},"_coverageSchema":"1a1c01bbd47fc00a2c39e90264f33305004495a9","hash":"49edaa3f210ee6f70be401d23cd1edb1909b6ee2"}
,"/Users/yudhajitadhikary/Documents/TestingPOC/testpoc/src/components/Footer/FooterCountrySelector.js": {"path":"/Users/yudhajitadhikary/Documents/TestingPOC/testpoc/src/components/Footer/FooterCountrySelector.js","statementMap":{"0":{"start":{"line":7,"column":12},"end":{"line":9,"column":5}},"1":{"start":{"line":20,"column":32},"end":{"line":20,"column":38}},"2":{"start":{"line":21,"column":8},"end":{"line":28,"column":9}},"3":{"start":{"line":34,"column":0},"end":{"line":37,"column":1}}},"fnMap":{"0":{"name":"(anonymous_0)","decl":{"start":{"line":19,"column":4},"end":{"line":19,"column":5}},"loc":{"start":{"line":19,"column":13},"end":{"line":29,"column":5}},"line":19}},"branchMap":{},"s":{"0":1,"1":1,"2":1,"3":5},"f":{"0":1},"b":{},"_coverageSchema":"1a1c01bbd47fc00a2c39e90264f33305004495a9","hash":"05044c3128b5a6cd9c12f1e84d8fa48dd484f139"}
,"/Users/yudhajitadhikary/Documents/TestingPOC/testpoc/src/components/Footer/FooterLinks.js": {"path":"/Users/yudhajitadhikary/Documents/TestingPOC/testpoc/src/components/Footer/FooterLinks.js","statementMap":{"0":{"start":{"line":6,"column":18},"end":{"line":33,"column":1}},"1":{"start":{"line":7,"column":4},"end":{"line":31,"column":5}},"2":{"start":{"line":11,"column":16},"end":{"line":25,"column":17}},"3":{"start":{"line":34,"column":0},"end":{"line":36,"column":1}}},"fnMap":{"0":{"name":"(anonymous_0)","decl":{"start":{"line":6,"column":18},"end":{"line":6,"column":19}},"loc":{"start":{"line":6,"column":48},"end":{"line":33,"column":1}},"line":6},"1":{"name":"(anonymous_1)","decl":{"start":{"line":10,"column":101},"end":{"line":10,"column":102}},"loc":{"start":{"line":10,"column":118},"end":{"line":26,"column":13}},"line":10}},"branchMap":{"0":{"loc":{"start":{"line":10,"column":13},"end":{"line":28,"column":13}},"type":"binary-expr","locations":[{"start":{"line":10,"column":13},"end":{"line":10,"column":34}},{"start":{"line":10,"column":38},"end":{"line":10,"column":65}},{"start":{"line":10,"column":69},"end":{"line":28,"column":13}}],"line":10},"1":{"loc":{"start":{"line":11,"column":23},"end":{"line":25,"column":17}},"type":"binary-expr","locations":[{"start":{"line":11,"column":23},"end":{"line":11,"column":36}},{"start":{"line":13,"column":20},"end":{"line":23,"column":24}}],"line":11},"2":{"loc":{"start":{"line":13,"column":29},"end":{"line":13,"column":55}},"type":"binary-expr","locations":[{"start":{"line":13,"column":29},"end":{"line":13,"column":38}},{"start":{"line":13,"column":42},"end":{"line":13,"column":55}}],"line":13},"3":{"loc":{"start":{"line":14,"column":64},"end":{"line":14,"column":138}},"type":"cond-expr","locations":[{"start":{"line":14,"column":83},"end":{"line":14,"column":107}},{"start":{"line":14,"column":110},"end":{"line":14,"column":138}}],"line":14}},"s":{"0":5,"1":1,"2":2,"3":5},"f":{"0":1,"1":2},"b":{"0":[1,1,1],"1":[2,2],"2":[2,2],"3":[0,2]},"_coverageSchema":"1a1c01bbd47fc00a2c39e90264f33305004495a9","hash":"8c5b88c550787c4c7e76ab970892c47294dd61dd"}
,"/Users/yudhajitadhikary/Documents/TestingPOC/testpoc/src/components/Footer/FooterMenuItemMobile.js": {"path":"/Users/yudhajitadhikary/Documents/TestingPOC/testpoc/src/components/Footer/FooterMenuItemMobile.js","statementMap":{"0":{"start":{"line":5,"column":27},"end":{"line":24,"column":1}},"1":{"start":{"line":6,"column":22},"end":{"line":6,"column":30}},"2":{"start":{"line":7,"column":20},"end":{"line":7,"column":28}},"3":{"start":{"line":8,"column":4},"end":{"line":12,"column":6}},"4":{"start":{"line":9,"column":8},"end":{"line":11,"column":9}},"5":{"start":{"line":10,"column":12},"end":{"line":10,"column":31}},"6":{"start":{"line":13,"column":4},"end":{"line":23,"column":5}},"7":{"start":{"line":15,"column":165},"end":{"line":15,"column":197}},"8":{"start":{"line":26,"column":0},"end":{"line":31,"column":1}},"9":{"start":{"line":33,"column":0},"end":{"line":35,"column":1}}},"fnMap":{"0":{"name":"(anonymous_0)","decl":{"start":{"line":5,"column":27},"end":{"line":5,"column":28}},"loc":{"start":{"line":5,"column":74},"end":{"line":24,"column":1}},"line":5},"1":{"name":"(anonymous_1)","decl":{"start":{"line":8,"column":14},"end":{"line":8,"column":15}},"loc":{"start":{"line":8,"column":20},"end":{"line":12,"column":5}},"line":8},"2":{"name":"(anonymous_2)","decl":{"start":{"line":15,"column":157},"end":{"line":15,"column":158}},"loc":{"start":{"line":15,"column":163},"end":{"line":15,"column":199}},"line":15}},"branchMap":{"0":{"loc":{"start":{"line":9,"column":8},"end":{"line":11,"column":9}},"type":"if","locations":[{"start":{"line":9,"column":8},"end":{"line":11,"column":9}},{"start":{},"end":{}}],"line":9},"1":{"loc":{"start":{"line":15,"column":84},"end":{"line":15,"column":146}},"type":"cond-expr","locations":[{"start":{"line":15,"column":97},"end":{"line":15,"column":122}},{"start":{"line":15,"column":125},"end":{"line":15,"column":146}}],"line":15},"2":{"loc":{"start":{"line":19,"column":63},"end":{"line":19,"column":115}},"type":"cond-expr","locations":[{"start":{"line":19,"column":76},"end":{"line":19,"column":96}},{"start":{"line":19,"column":99},"end":{"line":19,"column":115}}],"line":19}},"s":{"0":4,"1":2,"2":2,"3":2,"4":2,"5":1,"6":2,"7":1,"8":4,"9":4},"f":{"0":2,"1":2,"2":1},"b":{"0":[1,1],"1":[1,1],"2":[1,1]},"_coverageSchema":"1a1c01bbd47fc00a2c39e90264f33305004495a9","hash":"6ee96f1e03e364eb9fb560924c3a7f916400c46e"}
,"/Users/yudhajitadhikary/Documents/TestingPOC/testpoc/src/components/Footer/FooterMenuSlotDesktop.js": {"path":"/Users/yudhajitadhikary/Documents/TestingPOC/testpoc/src/components/Footer/FooterMenuSlotDesktop.js","statementMap":{"0":{"start":{"line":6,"column":30},"end":{"line":26,"column":1}},"1":{"start":{"line":7,"column":4},"end":{"line":24,"column":6}},"2":{"start":{"line":8,"column":8},"end":{"line":23,"column":14}},"3":{"start":{"line":16,"column":20},"end":{"line":20,"column":25}},"4":{"start":{"line":27,"column":0},"end":{"line":29,"column":1}}},"fnMap":{"0":{"name":"(anonymous_0)","decl":{"start":{"line":6,"column":30},"end":{"line":6,"column":31}},"loc":{"start":{"line":6,"column":49},"end":{"line":26,"column":1}},"line":6},"1":{"name":"(anonymous_1)","decl":{"start":{"line":7,"column":25},"end":{"line":7,"column":26}},"loc":{"start":{"line":8,"column":8},"end":{"line":23,"column":14}},"line":8},"2":{"name":"(anonymous_2)","decl":{"start":{"line":15,"column":126},"end":{"line":15,"column":127}},"loc":{"start":{"line":16,"column":20},"end":{"line":20,"column":25}},"line":16}},"branchMap":{"0":{"loc":{"start":{"line":8,"column":8},"end":{"line":23,"column":14}},"type":"binary-expr","locations":[{"start":{"line":8,"column":8},"end":{"line":8,"column":26}},{"start":{"line":8,"column":30},"end":{"line":23,"column":14}}],"line":8},"1":{"loc":{"start":{"line":10,"column":17},"end":{"line":14,"column":17}},"type":"binary-expr","locations":[{"start":{"line":10,"column":17},"end":{"line":10,"column":31}},{"start":{"line":11,"column":20},"end":{"line":13,"column":25}}],"line":10},"2":{"loc":{"start":{"line":15,"column":17},"end":{"line":21,"column":18}},"type":"binary-expr","locations":[{"start":{"line":15,"column":17},"end":{"line":15,"column":45}},{"start":{"line":15,"column":49},"end":{"line":15,"column":83}},{"start":{"line":15,"column":87},"end":{"line":21,"column":18}}],"line":15},"3":{"loc":{"start":{"line":17,"column":140},"end":{"line":17,"column":174}},"type":"binary-expr","locations":[{"start":{"line":17,"column":140},"end":{"line":17,"column":153}},{"start":{"line":17,"column":157},"end":{"line":17,"column":174}}],"line":17}},"s":{"0":3,"1":1,"2":1,"3":1,"4":3},"f":{"0":1,"1":1,"2":1},"b":{"0":[1,1],"1":[1,1],"2":[1,1,1],"3":[1,1]},"_coverageSchema":"1a1c01bbd47fc00a2c39e90264f33305004495a9","hash":"2ad85235a8196357f99750e6b8626c05365c1deb"}
,"/Users/yudhajitadhikary/Documents/TestingPOC/testpoc/src/components/Footer/FooterMenuSlotsMobile.js": {"path":"/Users/yudhajitadhikary/Documents/TestingPOC/testpoc/src/components/Footer/FooterMenuSlotsMobile.js","statementMap":{"0":{"start":{"line":6,"column":30},"end":{"line":25,"column":1}},"1":{"start":{"line":7,"column":4},"end":{"line":23,"column":5}},"2":{"start":{"line":10,"column":35},"end":{"line":10,"column":58}},"3":{"start":{"line":11,"column":16},"end":{"line":20,"column":17}},"4":{"start":{"line":26,"column":0},"end":{"line":29,"column":1}}},"fnMap":{"0":{"name":"(anonymous_0)","decl":{"start":{"line":6,"column":30},"end":{"line":6,"column":31}},"loc":{"start":{"line":6,"column":72},"end":{"line":25,"column":1}},"line":6},"1":{"name":"(anonymous_1)","decl":{"start":{"line":9,"column":27},"end":{"line":9,"column":28}},"loc":{"start":{"line":9,"column":48},"end":{"line":21,"column":13}},"line":9}},"branchMap":{"0":{"loc":{"start":{"line":12,"column":20},"end":{"line":19,"column":21}},"type":"cond-expr","locations":[{"start":{"line":13,"column":24},"end":{"line":14,"column":147}},{"start":{"line":16,"column":24},"end":{"line":18,"column":28}}],"line":12},"1":{"loc":{"start":{"line":12,"column":20},"end":{"line":12,"column":103}},"type":"binary-expr","locations":[{"start":{"line":12,"column":20},"end":{"line":12,"column":54}},{"start":{"line":12,"column":58},"end":{"line":12,"column":103}}],"line":12},"2":{"loc":{"start":{"line":13,"column":24},"end":{"line":14,"column":147}},"type":"binary-expr","locations":[{"start":{"line":13,"column":24},"end":{"line":13,"column":45}},{"start":{"line":14,"column":24},"end":{"line":14,"column":147}}],"line":13},"3":{"loc":{"start":{"line":16,"column":102},"end":{"line":16,"column":136}},"type":"binary-expr","locations":[{"start":{"line":16,"column":102},"end":{"line":16,"column":115}},{"start":{"line":16,"column":119},"end":{"line":16,"column":136}}],"line":16}},"s":{"0":3,"1":1,"2":2,"3":2,"4":3},"f":{"0":1,"1":2},"b":{"0":[1,1],"1":[2,2],"2":[1,1],"3":[1,1]},"_coverageSchema":"1a1c01bbd47fc00a2c39e90264f33305004495a9","hash":"ca59e103dfa58c6d99581737845354bdfe3ede58"}
,"/Users/yudhajitadhikary/Documents/TestingPOC/testpoc/src/components/Footer/FooterNavigation.js": {"path":"/Users/yudhajitadhikary/Documents/TestingPOC/testpoc/src/components/Footer/FooterNavigation.js","statementMap":{"0":{"start":{"line":10,"column":23},"end":{"line":12,"column":5}},"1":{"start":{"line":14,"column":26},"end":{"line":16,"column":5}},"2":{"start":{"line":19,"column":8},"end":{"line":19,"column":20}},"3":{"start":{"line":20,"column":8},"end":{"line":22,"column":9}},"4":{"start":{"line":26,"column":8},"end":{"line":26,"column":70}},"5":{"start":{"line":28,"column":8},"end":{"line":28,"column":68}},"6":{"start":{"line":32,"column":8},"end":{"line":32,"column":73}},"7":{"start":{"line":34,"column":8},"end":{"line":34,"column":71}},"8":{"start":{"line":37,"column":29},"end":{"line":39,"column":5}},"9":{"start":{"line":38,"column":8},"end":{"line":38,"column":57}},"10":{"start":{"line":42,"column":40},"end":{"line":42,"column":50}},"11":{"start":{"line":43,"column":34},"end":{"line":43,"column":38}},"12":{"start":{"line":44,"column":8},"end":{"line":54,"column":9}}},"fnMap":{"0":{"name":"(anonymous_0)","decl":{"start":{"line":18,"column":4},"end":{"line":18,"column":5}},"loc":{"start":{"line":18,"column":23},"end":{"line":23,"column":5}},"line":18},"1":{"name":"(anonymous_1)","decl":{"start":{"line":25,"column":4},"end":{"line":25,"column":5}},"loc":{"start":{"line":25,"column":24},"end":{"line":29,"column":5}},"line":25},"2":{"name":"(anonymous_2)","decl":{"start":{"line":31,"column":4},"end":{"line":31,"column":5}},"loc":{"start":{"line":31,"column":27},"end":{"line":35,"column":5}},"line":31},"3":{"name":"(anonymous_3)","decl":{"start":{"line":37,"column":29},"end":{"line":37,"column":30}},"loc":{"start":{"line":37,"column":35},"end":{"line":39,"column":5}},"line":37},"4":{"name":"(anonymous_4)","decl":{"start":{"line":41,"column":4},"end":{"line":41,"column":5}},"loc":{"start":{"line":41,"column":13},"end":{"line":55,"column":5}},"line":41}},"branchMap":{"0":{"loc":{"start":{"line":46,"column":17},"end":{"line":52,"column":17}},"type":"cond-expr","locations":[{"start":{"line":47,"column":20},"end":{"line":47,"column":83}},{"start":{"line":49,"column":20},"end":{"line":51,"column":26}}],"line":46}},"s":{"0":2,"1":2,"2":2,"3":2,"4":2,"5":2,"6":2,"7":2,"8":2,"9":1,"10":3,"11":3,"12":3},"f":{"0":2,"1":2,"2":2,"3":1,"4":3},"b":{"0":[3,0]},"_coverageSchema":"1a1c01bbd47fc00a2c39e90264f33305004495a9","hash":"9b3adcc0503a953c4564f6676074db59fa644714"}
,"/Users/yudhajitadhikary/Documents/TestingPOC/testpoc/src/components/Footer/SocialLinksFooter.js": {"path":"/Users/yudhajitadhikary/Documents/TestingPOC/testpoc/src/components/Footer/SocialLinksFooter.js","statementMap":{"0":{"start":{"line":6,"column":26},"end":{"line":36,"column":1}},"1":{"start":{"line":7,"column":4},"end":{"line":34,"column":5}},"2":{"start":{"line":14,"column":24},"end":{"line":29,"column":25}},"3":{"start":{"line":38,"column":0},"end":{"line":44,"column":1}}},"fnMap":{"0":{"name":"(anonymous_0)","decl":{"start":{"line":6,"column":26},"end":{"line":6,"column":27}},"loc":{"start":{"line":6,"column":57},"end":{"line":36,"column":1}},"line":6},"1":{"name":"(anonymous_1)","decl":{"start":{"line":13,"column":52},"end":{"line":13,"column":53}},"loc":{"start":{"line":13,"column":69},"end":{"line":30,"column":21}},"line":13}},"branchMap":{"0":{"loc":{"start":{"line":11,"column":17},"end":{"line":30,"column":22}},"type":"binary-expr","locations":[{"start":{"line":11,"column":17},"end":{"line":11,"column":38}},{"start":{"line":12,"column":20},"end":{"line":12,"column":47}},{"start":{"line":13,"column":20},"end":{"line":30,"column":22}}],"line":11}},"s":{"0":5,"1":1,"2":1,"3":5},"f":{"0":1,"1":1},"b":{"0":[1,1,1]},"_coverageSchema":"1a1c01bbd47fc00a2c39e90264f33305004495a9","hash":"271f5386614cfe7b8d4064a4c706e7d4c0306137"}
,"/Users/yudhajitadhikary/Documents/TestingPOC/testpoc/src/components/Header/Header.js": {"path":"/Users/yudhajitadhikary/Documents/TestingPOC/testpoc/src/components/Header/Header.js","statementMap":{"0":{"start":{"line":5,"column":4},"end":{"line":7,"column":5}}},"fnMap":{"0":{"name":"(anonymous_0)","decl":{"start":{"line":4,"column":2},"end":{"line":4,"column":3}},"loc":{"start":{"line":4,"column":11},"end":{"line":8,"column":3}},"line":4}},"branchMap":{},"s":{"0":1},"f":{"0":1},"b":{},"_coverageSchema":"1a1c01bbd47fc00a2c39e90264f33305004495a9","hash":"a39a89590bcd9e30fbeb3f61784c5e7e7e670ac7"}
}
