TN:
SF:src/components/Footer/Footer.js
FN:10,(anonymous_0)
FNF:1
FNH:1
FNDA:1,(anonymous_0)
DA:10,1
DA:11,1
DA:12,1
DA:31,1
LF:4
LH:4
BRDA:15,0,0,1
BRDA:15,0,1,1
BRDA:15,0,2,0
BRF:3
BRH:2
end_of_record
TN:
SF:src/components/Footer/FooterBottomSection.js
FN:9,(anonymous_0)
FN:23,(anonymous_1)
FN:29,(anonymous_2)
FN:35,(anonymous_3)
FN:39,(anonymous_4)
FNF:5
FNH:5
FNDA:2,(anonymous_0)
FNDA:2,(anonymous_1)
FNDA:2,(anonymous_2)
FNDA:1,(anonymous_3)
FNDA:3,(anonymous_4)
DA:10,2
DA:11,2
DA:16,2
DA:24,2
DA:26,2
DA:30,2
DA:32,2
DA:35,2
DA:36,1
DA:40,3
DA:41,3
DA:42,3
DA:45,3
LF:13
LH:13
BRDA:47,0,0,3
BRDA:47,0,1,0
BRF:2
BRH:1
end_of_record
TN:
SF:src/components/Footer/FooterBottomSectionDesktop.js
FN:10,FooterBottomSectionDesktop
FN:20,(anonymous_1)
FNF:2
FNH:2
FNDA:1,FooterBottomSectionDesktop
FNDA:1,(anonymous_1)
DA:11,1
DA:14,1
DA:15,1
DA:21,1
DA:42,3
LF:5
LH:5
BRF:0
BRH:0
end_of_record
TN:
SF:src/components/Footer/FooterBottomSectionMobile.js
FN:9,FooterBottomSectionMobile
FN:18,(anonymous_1)
FNF:2
FNH:2
FNDA:1,FooterBottomSectionMobile
FNDA:1,(anonymous_1)
DA:11,1
DA:14,1
DA:15,1
DA:19,1
DA:36,3
LF:5
LH:5
BRF:0
BRH:0
end_of_record
TN:
SF:src/components/Footer/FooterCountrySelector.js
FN:19,(anonymous_0)
FNF:1
FNH:1
FNDA:1,(anonymous_0)
DA:7,1
DA:20,1
DA:21,1
DA:34,5
LF:4
LH:4
BRF:0
BRH:0
end_of_record
TN:
SF:src/components/Footer/FooterLinks.js
FN:6,(anonymous_0)
FN:10,(anonymous_1)
FNF:2
FNH:2
FNDA:1,(anonymous_0)
FNDA:2,(anonymous_1)
DA:6,5
DA:7,1
DA:11,2
DA:34,5
LF:4
LH:4
BRDA:10,0,0,1
BRDA:10,0,1,1
BRDA:10,0,2,1
BRDA:11,1,0,2
BRDA:11,1,1,2
BRDA:13,2,0,2
BRDA:13,2,1,2
BRDA:14,3,0,0
BRDA:14,3,1,2
BRF:9
BRH:8
end_of_record
TN:
SF:src/components/Footer/FooterMenuItemMobile.js
FN:5,(anonymous_0)
FN:8,(anonymous_1)
FN:15,(anonymous_2)
FNF:3
FNH:3
FNDA:2,(anonymous_0)
FNDA:2,(anonymous_1)
FNDA:1,(anonymous_2)
DA:5,4
DA:6,2
DA:7,2
DA:8,2
DA:9,2
DA:10,1
DA:13,2
DA:15,1
DA:26,4
DA:33,4
LF:10
LH:10
BRDA:9,0,0,1
BRDA:9,0,1,1
BRDA:15,1,0,1
BRDA:15,1,1,1
BRDA:19,2,0,1
BRDA:19,2,1,1
BRF:6
BRH:6
end_of_record
TN:
SF:src/components/Footer/FooterMenuSlotDesktop.js
FN:6,(anonymous_0)
FN:7,(anonymous_1)
FN:15,(anonymous_2)
FNF:3
FNH:3
FNDA:1,(anonymous_0)
FNDA:1,(anonymous_1)
FNDA:1,(anonymous_2)
DA:6,3
DA:7,1
DA:8,1
DA:16,1
DA:27,3
LF:5
LH:5
BRDA:8,0,0,1
BRDA:8,0,1,1
BRDA:10,1,0,1
BRDA:10,1,1,1
BRDA:15,2,0,1
BRDA:15,2,1,1
BRDA:15,2,2,1
BRDA:17,3,0,1
BRDA:17,3,1,1
BRF:9
BRH:9
end_of_record
TN:
SF:src/components/Footer/FooterMenuSlotsMobile.js
FN:6,(anonymous_0)
FN:9,(anonymous_1)
FNF:2
FNH:2
FNDA:1,(anonymous_0)
FNDA:2,(anonymous_1)
DA:6,3
DA:7,1
DA:10,2
DA:11,2
DA:26,3
LF:5
LH:5
BRDA:12,0,0,1
BRDA:12,0,1,1
BRDA:12,1,0,2
BRDA:12,1,1,2
BRDA:13,2,0,1
BRDA:13,2,1,1
BRDA:16,3,0,1
BRDA:16,3,1,1
BRF:8
BRH:8
end_of_record
TN:
SF:src/components/Footer/FooterNavigation.js
FN:18,(anonymous_0)
FN:25,(anonymous_1)
FN:31,(anonymous_2)
FN:37,(anonymous_3)
FN:41,(anonymous_4)
FNF:5
FNH:5
FNDA:2,(anonymous_0)
FNDA:2,(anonymous_1)
FNDA:2,(anonymous_2)
FNDA:1,(anonymous_3)
FNDA:3,(anonymous_4)
DA:10,2
DA:14,2
DA:19,2
DA:20,2
DA:26,2
DA:28,2
DA:32,2
DA:34,2
DA:37,2
DA:38,1
DA:42,3
DA:43,3
DA:44,3
LF:13
LH:13
BRDA:46,0,0,3
BRDA:46,0,1,0
BRF:2
BRH:1
end_of_record
TN:
SF:src/components/Footer/SocialLinksFooter.js
FN:6,(anonymous_0)
FN:13,(anonymous_1)
FNF:2
FNH:2
FNDA:1,(anonymous_0)
FNDA:1,(anonymous_1)
DA:6,5
DA:7,1
DA:14,1
DA:38,5
LF:4
LH:4
BRDA:11,0,0,1
BRDA:11,0,1,1
BRDA:11,0,2,1
BRF:3
BRH:3
end_of_record
TN:
SF:src/components/Header/Header.js
FN:4,(anonymous_0)
FNF:1
FNH:1
FNDA:1,(anonymous_0)
DA:5,1
LF:1
LH:1
BRF:0
BRH:0
end_of_record
